<?xml version="1.0" encoding="UTF-8"?>
<testsuite name="StoreTest" tests="7" skipped="0" failures="0" errors="0" timestamp="2015-09-08T18:16:43" hostname="Ashleys-MacBook-Pro.local" time="0.222">
  <properties/>
  <testcase name="update_updateStoreInDatabase" classname="StoreTest" time="0.041"/>
  <testcase name="find_findsStoreInDatabase_true" classname="StoreTest" time="0.033"/>
  <testcase name="all_emptyAtFirst" classname="StoreTest" time="0.018"/>
  <testcase name="delete_deleteStoreInDatabase" classname="StoreTest" time="0.04"/>
  <testcase name="add_addBrandtoStore" classname="StoreTest" time="0.05"/>
  <testcase name="save_assignsIdToObject" classname="StoreTest" time="0.026"/>
  <testcase name="equals_returnsTrueIfStoresAretheSame" classname="StoreTest" time="0.011"/>
  <system-out><![CDATA[]]></system-out>
  <system-err><![CDATA[]]></system-err>
</testsuite>
