<?xml version="1.0" encoding="UTF-8"?>
<testsuite name="BrandTest" tests="4" skipped="0" failures="0" errors="0" timestamp="2015-09-04T03:43:25" hostname="Ashleys-MBP.domain" time="0.154">
  <properties/>
  <testcase name="all_emptyAtFirst" classname="BrandTest" time="0.062"/>
  <testcase name="find_findsBrandInDatabase_true" classname="BrandTest" time="0.043"/>
  <testcase name="save_assignsIdToObject" classname="BrandTest" time="0.037"/>
  <testcase name="equals_returnsTrueIfBrandsAretheSame" classname="BrandTest" time="0.011"/>
  <system-out><![CDATA[]]></system-out>
  <system-err><![CDATA[]]></system-err>
</testsuite>
