<?xml version="1.0" encoding="UTF-8"?>
<testsuite name="BrandTest" tests="5" skipped="0" failures="0" errors="0" timestamp="2015-09-08T18:16:43" hostname="Ashleys-MacBook-Pro.local" time="0.146">
  <properties/>
  <testcase name="all_emptyAtFirst" classname="BrandTest" time="0.019"/>
  <testcase name="find_findsBrandInDatabase_true" classname="BrandTest" time="0.038"/>
  <testcase name="add_addStoretoBrand" classname="BrandTest" time="0.048"/>
  <testcase name="save_assignsIdToObject" classname="BrandTest" time="0.027"/>
  <testcase name="equals_returnsTrueIfBrandsAretheSame" classname="BrandTest" time="0.01"/>
  <system-out><![CDATA[]]></system-out>
  <system-err><![CDATA[]]></system-err>
</testsuite>
