<?xml version="1.0" encoding="UTF-8"?>
<testsuite name="BrandTest" tests="5" skipped="0" failures="0" errors="0" timestamp="2015-09-08T04:32:42" hostname="Ashleys-MBP.domain" time="0.321">
  <properties/>
  <testcase name="all_emptyAtFirst" classname="BrandTest" time="0.045"/>
  <testcase name="find_findsBrandInDatabase_true" classname="BrandTest" time="0.075"/>
  <testcase name="add_addStoretoBrand" classname="BrandTest" time="0.106"/>
  <testcase name="save_assignsIdToObject" classname="BrandTest" time="0.066"/>
  <testcase name="equals_returnsTrueIfBrandsAretheSame" classname="BrandTest" time="0.024"/>
  <system-out><![CDATA[]]></system-out>
  <system-err><![CDATA[]]></system-err>
</testsuite>
