<?xml version="1.0" encoding="UTF-8"?>
<testsuite name="BrandTest" tests="4" skipped="0" failures="0" errors="0" timestamp="2015-09-04T17:32:47" hostname="Ashleys-MBP.domain" time="0.174">
  <properties/>
  <testcase name="all_emptyAtFirst" classname="BrandTest" time="0.079"/>
  <testcase name="find_findsBrandInDatabase_true" classname="BrandTest" time="0.048"/>
  <testcase name="save_assignsIdToObject" classname="BrandTest" time="0.033"/>
  <testcase name="equals_returnsTrueIfBrandsAretheSame" classname="BrandTest" time="0.012"/>
  <system-out><![CDATA[]]></system-out>
  <system-err><![CDATA[]]></system-err>
</testsuite>
